<?xml version="1.0" encoding="UTF-8"?>
<testsuite name="com.ideyatech.opentides.um.entity.BaseUserTest" time="0.026" tests="121" errors="0" skipped="0" failures="2">
  <properties>
[...]
</properties>
  <testcase name="testRemoveCustomValue" classname="com.ideyatech.opentides.um.entity.BaseUserTest" time="0.002"/>
  <testcase name="testSetNewResetPasswordKey" classname="com.ideyatech.opentides.um.entity.BaseUserTest" time="0.001"/>
  <testcase name="testSetNewContactNumber" classname="com.ideyatech.opentides.um.entity.BaseUserTest" time="0"/>
  <testcase name="testSetNewUserGroupName" classname="com.ideyatech.opentides.um.entity.BaseUserTest" time="0"/>
  <testcase name="testGetDepartment" classname="com.ideyatech.opentides.um.entity.BaseUserTest" time="0"/>
  <testcase name="testGetUsernameNull" classname="com.ideyatech.opentides.um.entity.BaseUserTest" time="0.001"/>
  <testcase name="testRemoveCustomValueCustomValuesMapIsNull" classname="com.ideyatech.opentides.um.entity.BaseUserTest" time="0"/>
  <testcase name="testCloneUserProfile" classname="com.ideyatech.opentides.um.entity.BaseUserTest" time="0"/>
  <testcase name="testGetContactNumber" classname="com.ideyatech.opentides.um.entity.BaseUserTest" time="0.001"/>
  <testcase name="testGetUserGroupName" classname="com.ideyatech.opentides.um.entity.BaseUserTest" time="0"/>
  <testcase name="testSetNewLastFailedLoginMillis" classname="com.ideyatech.opentides.um.entity.BaseUserTest" time="0"/>
  <testcase name="testGetJoinClause" classname="com.ideyatech.opentides.um.entity.BaseUserTest" time="0"/>
  <testcase name="testGetAuths" classname="com.ideyatech.opentides.um.entity.BaseUserTest" time="0"/>
  <testcase name="testGetTitle" classname="com.ideyatech.opentides.um.entity.BaseUserTest" time="0"/>
  <testcase name="testHashCodeEmailNotNull" classname="com.ideyatech.opentides.um.entity.BaseUserTest" time="0"/>
  <testcase name="testSetNewTitle" classname="com.ideyatech.opentides.um.entity.BaseUserTest" time="0"/>
  <testcase name="testGetFullName" classname="com.ideyatech.opentides.um.entity.BaseUserTest" time="0"/>
  <testcase name="testGetSubject" classname="com.ideyatech.opentides.um.entity.BaseUserTest" time="0"/>
  <testcase name="testRemoveGroupByNameWhenNameIsEmpty" classname="com.ideyatech.opentides.um.entity.BaseUserTest" time="0"/>
  <testcase name="testSetNewFirstName" classname="com.ideyatech.opentides.um.entity.BaseUserTest" time="0"/>
  <testcase name="testSetNewFacebookUserId" classname="com.ideyatech.opentides.um.entity.BaseUserTest" time="0"/>
  <testcase name="testGetFullNameEmpty" classname="com.ideyatech.opentides.um.entity.BaseUserTest" time="0"/>
  <testcase name="testGetAdditionalQueryClauseUserGroupNameIsEmpty" classname="com.ideyatech.opentides.um.entity.BaseUserTest" time="0"/>
  <testcase name="testGetFailedLoginCount" classname="com.ideyatech.opentides.um.entity.BaseUserTest" time="0"/>
  <testcase name="testGetLastLogin" classname="com.ideyatech.opentides.um.entity.BaseUserTest" time="0.001"/>
  <testcase name="testEqualNotInstanceOfBaseUser" classname="com.ideyatech.opentides.um.entity.BaseUserTest" time="0"/>
  <testcase name="testGetAuthorities" classname="com.ideyatech.opentides.um.entity.BaseUserTest" time="0.001"/>
  <testcase name="testAddCustomValueKeyExist" classname="com.ideyatech.opentides.um.entity.BaseUserTest" time="0"/>
  <testcase name="testGetWorkContact" classname="com.ideyatech.opentides.um.entity.BaseUserTest" time="0.001"/>
  <testcase name="testGetAdditionalFieldsValues" classname="com.ideyatech.opentides.um.entity.BaseUserTest" time="0"/>
  <testcase name="testToString" classname="com.ideyatech.opentides.um.entity.BaseUserTest" time="0"/>
  <testcase name="testRemoveGroupWhenGroupIsNull" classname="com.ideyatech.opentides.um.entity.BaseUserTest" time="0"/>
  <testcase name="testResetFailedLoginCount" classname="com.ideyatech.opentides.um.entity.BaseUserTest" time="0"/>
  <testcase name="testRemoveGroup" classname="com.ideyatech.opentides.um.entity.BaseUserTest" time="0.001"/>
  <testcase name="testGetAboutMe" classname="com.ideyatech.opentides.um.entity.BaseUserTest" time="0"/>
  <testcase name="testGetAddress" classname="com.ideyatech.opentides.um.entity.BaseUserTest" time="0"/>
  <testcase name="testSetNewLastLoginIP" classname="com.ideyatech.opentides.um.entity.BaseUserTest" time="0.001"/>
  <testcase name="testAddGroup" classname="com.ideyatech.opentides.um.entity.BaseUserTest" time="0"/>
  <testcase name="testIncrementFailedLoginCount" classname="com.ideyatech.opentides.um.entity.BaseUserTest" time="0"/>
  <testcase name="testEqualSameObject" classname="com.ideyatech.opentides.um.entity.BaseUserTest" time="0"/>
  <testcase name="testRemoveGroupWhenGroupsIsNull" classname="com.ideyatech.opentides.um.entity.BaseUserTest" time="0"/>
  <testcase name="testRemoveGroupByNameWhenGroupsIsNull" classname="com.ideyatech.opentides.um.entity.BaseUserTest" time="0"/>
  <testcase name="testGetJoinClauseUserGroupNameIsEmpty" classname="com.ideyatech.opentides.um.entity.BaseUserTest" time="0"/>
  <testcase name="testRemoveGroupByNameWhenNameIsNull" classname="com.ideyatech.opentides.um.entity.BaseUserTest" time="0"/>
  <testcase name="testGetActivationVerificationKey" classname="com.ideyatech.opentides.um.entity.BaseUserTest" time="0"/>
  <testcase name="testGetAdditionalQueryClause" classname="com.ideyatech.opentides.um.entity.BaseUserTest" time="0"/>
  <testcase name="testSetNewCompany" classname="com.ideyatech.opentides.um.entity.BaseUserTest" time="0"/>
  <testcase name="testSetNewCountry" classname="com.ideyatech.opentides.um.entity.BaseUserTest" time="0"/>
  <testcase name="testGetResetPasswordKey" classname="com.ideyatech.opentides.um.entity.BaseUserTest" time="0.001"/>
  <testcase name="testEqualSameValues" classname="com.ideyatech.opentides.um.entity.BaseUserTest" time="0"/>
  <testcase name="testGetMobilePhoneNumber" classname="com.ideyatech.opentides.um.entity.BaseUserTest" time="0"/>
  <testcase name="testGetArchived" classname="com.ideyatech.opentides.um.entity.BaseUserTest" time="0.001"/>
  <testcase name="testAddCustomValueWhenCustomValueMapIsNull" classname="com.ideyatech.opentides.um.entity.BaseUserTest" time="0"/>
  <testcase name="testGetJobTitle" classname="com.ideyatech.opentides.um.entity.BaseUserTest" time="0"/>
  <testcase name="testGetLanguage" classname="com.ideyatech.opentides.um.entity.BaseUserTest" time="0"/>
  <testcase name="testGetBirthDate" classname="com.ideyatech.opentides.um.entity.BaseUserTest" time="0"/>
  <testcase name="testGetCustomValuesMap" classname="com.ideyatech.opentides.um.entity.BaseUserTest" time="0"/>
  <testcase name="testGetLastFailedLoginMillis" classname="com.ideyatech.opentides.um.entity.BaseUserTest" time="0"/>
  <testcase name="testGetLastName" classname="com.ideyatech.opentides.um.entity.BaseUserTest" time="0"/>
  <testcase name="testGetDisplayGroups" classname="com.ideyatech.opentides.um.entity.BaseUserTest" time="0"/>
  <testcase name="testGetTotalLoginCount" classname="com.ideyatech.opentides.um.entity.BaseUserTest" time="0"/>
  <testcase name="testRemoveGroupByName" classname="com.ideyatech.opentides.um.entity.BaseUserTest" time="0"/>
  <testcase name="testGetFacebookUserId" classname="com.ideyatech.opentides.um.entity.BaseUserTest" time="0"/>
  <testcase name="testSetNewArchived" classname="com.ideyatech.opentides.um.entity.BaseUserTest" time="0.001"/>
  <testcase name="testSetNewJobTitle" classname="com.ideyatech.opentides.um.entity.BaseUserTest" time="0"/>
  <testcase name="testSetNewLanguage" classname="com.ideyatech.opentides.um.entity.BaseUserTest" time="0"/>
  <testcase name="testSetNewPrevLoginIP" classname="com.ideyatech.opentides.um.entity.BaseUserTest" time="0"/>
  <testcase name="testSetNewMobilePhoneNumber" classname="com.ideyatech.opentides.um.entity.BaseUserTest" time="0"/>
  <testcase name="testSetNewCustomValuesMap" classname="com.ideyatech.opentides.um.entity.BaseUserTest" time="0.001"/>
  <testcase name="testSetNewMiddleName" classname="com.ideyatech.opentides.um.entity.BaseUserTest" time="0"/>
  <testcase name="testGetLastLoginIP" classname="com.ideyatech.opentides.um.entity.BaseUserTest" time="0"/>
  <testcase name="testSetNewLastLogin" classname="com.ideyatech.opentides.um.entity.BaseUserTest" time="0"/>
  <testcase name="testSetNewEmailAddress" classname="com.ideyatech.opentides.um.entity.BaseUserTest" time="0"/>
  <testcase name="testGetEmailAddress" classname="com.ideyatech.opentides.um.entity.BaseUserTest" time="0"/>
  <testcase name="testSetNewLastFailedIP" classname="com.ideyatech.opentides.um.entity.BaseUserTest" time="0"/>
  <testcase name="testGetLastFailedIP" classname="com.ideyatech.opentides.um.entity.BaseUserTest" time="0"/>
  <testcase name="testSetNewLastName" classname="com.ideyatech.opentides.um.entity.BaseUserTest" time="0"/>
  <testcase name="testSetNewCredential" classname="com.ideyatech.opentides.um.entity.BaseUserTest" time="0"/>
  <testcase name="testSetNewTotalLoginCount" classname="com.ideyatech.opentides.um.entity.BaseUserTest" time="0"/>
  <testcase name="testGetAdditionalProperties" classname="com.ideyatech.opentides.um.entity.BaseUserTest" time="0"/>
  <testcase name="testGetCompleteNameAllEmpty" classname="com.ideyatech.opentides.um.entity.BaseUserTest" time="0"/>
  <testcase name="testGetMiddleName" classname="com.ideyatech.opentides.um.entity.BaseUserTest" time="0"/>
  <testcase name="testSetNewTacAcceptedTs" classname="com.ideyatech.opentides.um.entity.BaseUserTest" time="0"/>
  <testcase name="testGetGrantedAuthorities" classname="com.ideyatech.opentides.um.entity.BaseUserTest" time="0"/>
  <testcase name="testGetCredential" classname="com.ideyatech.opentides.um.entity.BaseUserTest" time="0"/>
  <testcase name="testGetCompleteName" classname="com.ideyatech.opentides.um.entity.BaseUserTest" time="0"/>
  <testcase name="testGetTacAcceptedTs" classname="com.ideyatech.opentides.um.entity.BaseUserTest" time="0"/>
  <testcase name="testSetNewActivationVerificationKey" classname="com.ideyatech.opentides.um.entity.BaseUserTest" time="0"/>
  <testcase name="testGetGender" classname="com.ideyatech.opentides.um.entity.BaseUserTest" time="0"/>
  <testcase name="testGetGroups" classname="com.ideyatech.opentides.um.entity.BaseUserTest" time="0"/>
  <testcase name="testGetUsername" classname="com.ideyatech.opentides.um.entity.BaseUserTest" time="0"/>
  <testcase name="testGetFirstName" classname="com.ideyatech.opentides.um.entity.BaseUserTest" time="0"/>
  <testcase name="testSetNewUserGroupIds" classname="com.ideyatech.opentides.um.entity.BaseUserTest" time="0.004">
    <failure message="Gets new UserGroupIds: expected:&lt;[SET_B]&gt; but was:&lt;[null, null]&gt;" type="java.lang.AssertionError"><![CDATA[java.lang.AssertionError: Gets new UserGroupIds: expected:<[SET_B]> but was:<[null, null]>
	at org.junit.Assert.fail(Assert.java:88)
	at org.junit.Assert.failNotEquals(Assert.java:834)
	at org.junit.Assert.assertEquals(Assert.java:118)
	at com.ideyatech.opentides.um.entity.BaseUserTest.testSetNewUserGroupIds(BaseUserTest.java:381)
]]></failure>
  </testcase>
  <testcase name="testGetUserGroupIds" classname="com.ideyatech.opentides.um.entity.BaseUserTest" time="0">
    <failure message="Gets UserGroupIds: expected:&lt;[SET_A]&gt; but was:&lt;[null, null]&gt;" type="java.lang.AssertionError"><![CDATA[java.lang.AssertionError: Gets UserGroupIds: expected:<[SET_A]> but was:<[null, null]>
	at org.junit.Assert.fail(Assert.java:88)
	at org.junit.Assert.failNotEquals(Assert.java:834)
	at org.junit.Assert.assertEquals(Assert.java:118)
	at com.ideyatech.opentides.um.entity.BaseUserTest.testGetUserGroupIds(BaseUserTest.java:373)
]]></failure>
  </testcase>
  <testcase name="testGetCompany" classname="com.ideyatech.opentides.um.entity.BaseUserTest" time="0"/>
  <testcase name="testGetCountry" classname="com.ideyatech.opentides.um.entity.BaseUserTest" time="0"/>
  <testcase name="testSearchableFields" classname="com.ideyatech.opentides.um.entity.BaseUserTest" time="0"/>
  <testcase name="testSetNewFailedLoginCount" classname="com.ideyatech.opentides.um.entity.BaseUserTest" time="0"/>
  <testcase name="testGetOffice" classname="com.ideyatech.opentides.um.entity.BaseUserTest" time="0"/>
  <testcase name="testGetPrevLoginIP" classname="com.ideyatech.opentides.um.entity.BaseUserTest" time="0"/>
  <testcase name="testIncrementFailedLoginCountNull" classname="com.ideyatech.opentides.um.entity.BaseUserTest" time="0"/>
  <testcase name="testSetNewBirthDate" classname="com.ideyatech.opentides.um.entity.BaseUserTest" time="0"/>
  <testcase name="testHasPermissionGroupsIsNull" classname="com.ideyatech.opentides.um.entity.BaseUserTest" time="0"/>
  <testcase name="testGetTenant" classname="com.ideyatech.opentides.um.entity.BaseUserTest" time="0"/>
  <testcase name="testEqualNull" classname="com.ideyatech.opentides.um.entity.BaseUserTest" time="0"/>
  <testcase name="testSetNewGender" classname="com.ideyatech.opentides.um.entity.BaseUserTest" time="0"/>
  <testcase name="testSetNewGroups" classname="com.ideyatech.opentides.um.entity.BaseUserTest" time="0"/>
  <testcase name="testSetNewAboutMe" classname="com.ideyatech.opentides.um.entity.BaseUserTest" time="0"/>
  <testcase name="testSetNewAddress" classname="com.ideyatech.opentides.um.entity.BaseUserTest" time="0"/>
  <testcase name="testSetNewAdditionalFieldsValues" classname="com.ideyatech.opentides.um.entity.BaseUserTest" time="0"/>
  <testcase name="testSetNewOffice" classname="com.ideyatech.opentides.um.entity.BaseUserTest" time="0.001"/>
  <testcase name="testAddCustomValue" classname="com.ideyatech.opentides.um.entity.BaseUserTest" time="0"/>
  <testcase name="testHasNoPermission" classname="com.ideyatech.opentides.um.entity.BaseUserTest" time="0"/>
  <testcase name="testAddGroupWhenGroupsAndGroupAreNull" classname="com.ideyatech.opentides.um.entity.BaseUserTest" time="0.007"/>
  <testcase name="testSetNewTenant" classname="com.ideyatech.opentides.um.entity.BaseUserTest" time="0"/>
  <testcase name="testSetNewDepartment" classname="com.ideyatech.opentides.um.entity.BaseUserTest" time="0"/>
  <testcase name="testSetNewPasswordRule" classname="com.ideyatech.opentides.um.entity.BaseUserTest" time="0"/>
  <testcase name="testGetPasswordRule" classname="com.ideyatech.opentides.um.entity.BaseUserTest" time="0"/>
  <testcase name="testAddCustomValueKeyDoesNotExist" classname="com.ideyatech.opentides.um.entity.BaseUserTest" time="0"/>
  <testcase name="testHasPermission" classname="com.ideyatech.opentides.um.entity.BaseUserTest" time="0"/>
  <testcase name="testSetNewWorkContact" classname="com.ideyatech.opentides.um.entity.BaseUserTest" time="0"/>
</testsuite>