<?xml version="1.0" encoding="UTF-8"?>
<testsuite name="com.ideyatech.opentides.um.entity.UserGroupTest" time="0.142" tests="21" errors="0" skipped="0" failures="0">
  <properties>
[...]
</properties>
  <testcase name="testGetNewName" classname="com.ideyatech.opentides.um.entity.UserGroupTest" time="0.023"/>
  <testcase name="testGetUsers" classname="com.ideyatech.opentides.um.entity.UserGroupTest" time="0"/>
  <testcase name="testSetNewUsers" classname="com.ideyatech.opentides.um.entity.UserGroupTest" time="0.001"/>
  <testcase name="testGetAuthorities" classname="com.ideyatech.opentides.um.entity.UserGroupTest" time="0.001"/>
  <testcase name="testRemoveAuthority" classname="com.ideyatech.opentides.um.entity.UserGroupTest" time="0"/>
  <testcase name="testSetNewIsDefault" classname="com.ideyatech.opentides.um.entity.UserGroupTest" time="0"/>
  <testcase name="testGetName" classname="com.ideyatech.opentides.um.entity.UserGroupTest" time="0"/>
  <testcase name="testSetNewDescription" classname="com.ideyatech.opentides.um.entity.UserGroupTest" time="0"/>
  <testcase name="testSetNewName" classname="com.ideyatech.opentides.um.entity.UserGroupTest" time="0.001"/>
  <testcase name="testSetAuthorityNamesAuthorityNamesIsNull" classname="com.ideyatech.opentides.um.entity.UserGroupTest" time="0.001"/>
  <testcase name="testAddAuthorityAuthorityIsNotNullAndAuthoritiesIsNull" classname="com.ideyatech.opentides.um.entity.UserGroupTest" time="0.001"/>
  <testcase name="testGetDescription" classname="com.ideyatech.opentides.um.entity.UserGroupTest" time="0"/>
  <testcase name="testGetAuthorityNamesNull" classname="com.ideyatech.opentides.um.entity.UserGroupTest" time="0.001"/>
  <testcase name="getGrantedAuthorities" classname="com.ideyatech.opentides.um.entity.UserGroupTest" time="0.102"/>
  <testcase name="testRemoveAuthorityNull" classname="com.ideyatech.opentides.um.entity.UserGroupTest" time="0"/>
  <testcase name="testAddAuthorityAuthorityAndAuthoritiesNotNull" classname="com.ideyatech.opentides.um.entity.UserGroupTest" time="0.001"/>
  <testcase name="testSetAuthorityNamesAuthorityNamesIsNotNull" classname="com.ideyatech.opentides.um.entity.UserGroupTest" time="0.001"/>
  <testcase name="testRemoveAuthorityNotInSet" classname="com.ideyatech.opentides.um.entity.UserGroupTest" time="0"/>
  <testcase name="testAddAuthorityAuthorityIsNullAndAuthoritiesNotNull" classname="com.ideyatech.opentides.um.entity.UserGroupTest" time="0.009"/>
  <testcase name="testGetIsDefault" classname="com.ideyatech.opentides.um.entity.UserGroupTest" time="0"/>
  <testcase name="testSetNewAuthorities" classname="com.ideyatech.opentides.um.entity.UserGroupTest" time="0"/>
</testsuite>