<?xml version="1.0" encoding="UTF-8"?>
<testsuite name="com.ideyatech.opentides.um.entity.ApplicationTest" time="0" tests="39" errors="0" skipped="0" failures="0">
  <properties>
[...]
</properties>
  <testcase name="testIsEnableUserLockCheck" classname="com.ideyatech.opentides.um.entity.ApplicationTest" time="0"/>
  <testcase name="testSetNewLockoutTime" classname="com.ideyatech.opentides.um.entity.ApplicationTest" time="0"/>
  <testcase name="testSetNewPasswordRules" classname="com.ideyatech.opentides.um.entity.ApplicationTest" time="0"/>
  <testcase name="testGetAppSecret" classname="com.ideyatech.opentides.um.entity.ApplicationTest" time="0"/>
  <testcase name="testSetNewFailedLoginAttempts" classname="com.ideyatech.opentides.um.entity.ApplicationTest" time="0"/>
  <testcase name="testGetPasswordRules" classname="com.ideyatech.opentides.um.entity.ApplicationTest" time="0"/>
  <testcase name="testSetNewAdminUserGroup" classname="com.ideyatech.opentides.um.entity.ApplicationTest" time="0"/>
  <testcase name="testSetNewAdminUser" classname="com.ideyatech.opentides.um.entity.ApplicationTest" time="0"/>
  <testcase name="testSetNewUseLdap" classname="com.ideyatech.opentides.um.entity.ApplicationTest" time="0"/>
  <testcase name="testGetLockoutTime" classname="com.ideyatech.opentides.um.entity.ApplicationTest" time="0"/>
  <testcase name="testGetFailedLoginAttempts" classname="com.ideyatech.opentides.um.entity.ApplicationTest" time="0"/>
  <testcase name="testGetFbAppId" classname="com.ideyatech.opentides.um.entity.ApplicationTest" time="0"/>
  <testcase name="testSetNewAllowFbLogin" classname="com.ideyatech.opentides.um.entity.ApplicationTest" time="0"/>
  <testcase name="testGetAllowFbLogin" classname="com.ideyatech.opentides.um.entity.ApplicationTest" time="0"/>
  <testcase name="testPrePersistNull" classname="com.ideyatech.opentides.um.entity.ApplicationTest" time="0"/>
  <testcase name="testGetLink" classname="com.ideyatech.opentides.um.entity.ApplicationTest" time="0"/>
  <testcase name="testGetName" classname="com.ideyatech.opentides.um.entity.ApplicationTest" time="0"/>
  <testcase name="testSetNewDescription" classname="com.ideyatech.opentides.um.entity.ApplicationTest" time="0"/>
  <testcase name="testSetNewSendActivationEmail" classname="com.ideyatech.opentides.um.entity.ApplicationTest" time="0"/>
  <testcase name="testIsEnableUserLockCheckNotNullGreaterThanZero" classname="com.ideyatech.opentides.um.entity.ApplicationTest" time="0"/>
  <testcase name="testSetNewFbAppSecret" classname="com.ideyatech.opentides.um.entity.ApplicationTest" time="0"/>
  <testcase name="testSetNewLink" classname="com.ideyatech.opentides.um.entity.ApplicationTest" time="0"/>
  <testcase name="testSetNewName" classname="com.ideyatech.opentides.um.entity.ApplicationTest" time="0"/>
  <testcase name="testSetNewAppSecret" classname="com.ideyatech.opentides.um.entity.ApplicationTest" time="0"/>
  <testcase name="testGetAdminUserGroup" classname="com.ideyatech.opentides.um.entity.ApplicationTest" time="0"/>
  <testcase name="testGetUseLdap" classname="com.ideyatech.opentides.um.entity.ApplicationTest" time="0"/>
  <testcase name="testSetNewEmailAddress" classname="com.ideyatech.opentides.um.entity.ApplicationTest" time="0"/>
  <testcase name="testGetEmailAddress" classname="com.ideyatech.opentides.um.entity.ApplicationTest" time="0"/>
  <testcase name="testGetSendActivationEmail" classname="com.ideyatech.opentides.um.entity.ApplicationTest" time="0"/>
  <testcase name="testGetDescription" classname="com.ideyatech.opentides.um.entity.ApplicationTest" time="0"/>
  <testcase name="testGetFbAppSecret" classname="com.ideyatech.opentides.um.entity.ApplicationTest" time="0"/>
  <testcase name="testGetAdminUser" classname="com.ideyatech.opentides.um.entity.ApplicationTest" time="0"/>
  <testcase name="testSetNewLdapServer" classname="com.ideyatech.opentides.um.entity.ApplicationTest" time="0"/>
  <testcase name="testPrePersistNotNull" classname="com.ideyatech.opentides.um.entity.ApplicationTest" time="0"/>
  <testcase name="testGetLdapServer" classname="com.ideyatech.opentides.um.entity.ApplicationTest" time="0"/>
  <testcase name="testSetNewAdminPassword" classname="com.ideyatech.opentides.um.entity.ApplicationTest" time="0"/>
  <testcase name="testSetNewFbAppId" classname="com.ideyatech.opentides.um.entity.ApplicationTest" time="0"/>
  <testcase name="testIsEnableUserLockCheckNotNullButLessThanOrEqualToZero" classname="com.ideyatech.opentides.um.entity.ApplicationTest" time="0"/>
  <testcase name="testGetAdminPassword" classname="com.ideyatech.opentides.um.entity.ApplicationTest" time="0"/>
</testsuite>